0 info it worked if it ends with ok
1 verbose cli [ 'C:\\Program Files\\nodejs\\node.exe',
1 verbose cli   'C:\\Program Files\\nodejs\\node_modules\\npm\\bin\\npm-cli.js',
1 verbose cli   'publish' ]
2 info using npm@3.10.9
3 info using node@v6.9.2
4 verbose publish [ '.' ]
5 silly cache add args [ '.', null ]
6 verbose cache add spec .
7 silly cache add parsed spec Result {
7 silly cache add   raw: '.',
7 silly cache add   scope: null,
7 silly cache add   escapedName: null,
7 silly cache add   name: null,
7 silly cache add   rawSpec: '.',
7 silly cache add   spec: 'D:\\spikes\\mean_practice\\node-example\\firstNodeModule',
7 silly cache add   type: 'directory' }
8 verbose addLocalDirectory C:\Users\rahul.ranjan\AppData\Roaming\npm-cache\firstmodule\1.0.0\package.tgz not in flight; packing
9 verbose correctMkdir C:\Users\rahul.ranjan\AppData\Roaming\npm-cache correctMkdir not in flight; initializing
10 info lifecycle firstmodule@1.0.0~prepublish: firstmodule@1.0.0
11 silly lifecycle firstmodule@1.0.0~prepublish: no script for prepublish, continuing
12 verbose tar pack [ 'C:\\Users\\rahul.ranjan\\AppData\\Roaming\\npm-cache\\firstmodule\\1.0.0\\package.tgz',
12 verbose tar pack   'D:\\spikes\\mean_practice\\node-example\\firstNodeModule' ]
13 verbose tarball C:\Users\rahul.ranjan\AppData\Roaming\npm-cache\firstmodule\1.0.0\package.tgz
14 verbose folder D:\spikes\mean_practice\node-example\firstNodeModule
15 verbose addLocalTarball adding from inside cache C:\Users\rahul.ranjan\AppData\Roaming\npm-cache\firstmodule\1.0.0\package.tgz
16 verbose correctMkdir C:\Users\rahul.ranjan\AppData\Roaming\npm-cache correctMkdir not in flight; initializing
17 silly cache afterAdd firstmodule@1.0.0
18 verbose afterAdd C:\Users\rahul.ranjan\AppData\Roaming\npm-cache\firstmodule\1.0.0\package\package.json not in flight; writing
19 verbose correctMkdir C:\Users\rahul.ranjan\AppData\Roaming\npm-cache correctMkdir not in flight; initializing
20 verbose afterAdd C:\Users\rahul.ranjan\AppData\Roaming\npm-cache\firstmodule\1.0.0\package\package.json written
21 silly publish { name: 'firstmodule',
21 silly publish   version: '1.0.0',
21 silly publish   description: '',
21 silly publish   main: './index.js',
21 silly publish   scripts: { test: 'echo "Error: no test specified" && exit 1' },
21 silly publish   author: '',
21 silly publish   license: 'ISC',
21 silly publish   readme: 'ERROR: No README data found!',
21 silly publish   _id: 'firstmodule@1.0.0',
21 silly publish   _shasum: '27f7799dc57e66b1cb1a87194b5c3c36f8eee14e',
21 silly publish   _from: '.' }
22 verbose getPublishConfig undefined
23 silly mapToRegistry name firstmodule
24 silly mapToRegistry using default registry
25 silly mapToRegistry registry https://registry.npmjs.org/
26 silly mapToRegistry data Result {
26 silly mapToRegistry   raw: 'firstmodule',
26 silly mapToRegistry   scope: null,
26 silly mapToRegistry   escapedName: 'firstmodule',
26 silly mapToRegistry   name: 'firstmodule',
26 silly mapToRegistry   rawSpec: '',
26 silly mapToRegistry   spec: 'latest',
26 silly mapToRegistry   type: 'tag' }
27 silly mapToRegistry uri https://registry.npmjs.org/firstmodule
28 verbose publish registryBase https://registry.npmjs.org/
29 silly publish uploading C:\Users\rahul.ranjan\AppData\Roaming\npm-cache\firstmodule\1.0.0\package.tgz
30 verbose request uri https://registry.npmjs.org/firstmodule
31 verbose request sending authorization for write operation
32 info attempt registry request try #1 at 3:42:53 PM
33 verbose request using bearer token for auth
34 verbose request id 47d2302a454ad6b4
35 http request PUT https://registry.npmjs.org/firstmodule
36 http 403 https://registry.npmjs.org/firstmodule
37 verbose headers { 'content-type': 'application/json',
37 verbose headers   'cache-control': 'max-age=300',
37 verbose headers   'content-length': '105',
37 verbose headers   'accept-ranges': 'bytes',
37 verbose headers   date: 'Fri, 20 Jan 2017 10:12:55 GMT',
37 verbose headers   via: '1.1 varnish',
37 verbose headers   connection: 'keep-alive',
37 verbose headers   'x-served-by': 'cache-ams4421-AMS',
37 verbose headers   'x-cache': 'MISS',
37 verbose headers   'x-cache-hits': '0',
37 verbose headers   'x-timer': 'S1484907175.060753,VS0,VE636',
37 verbose headers   vary: 'Accept-Encoding' }
38 verbose request invalidating C:\Users\rahul.ranjan\AppData\Roaming\npm-cache\registry.npmjs.org\firstmodule on PUT
39 error publish Failed PUT 403
40 verbose stack Error: you do not have permission to publish "firstmodule". Are you logged in as the correct user? : firstmodule
40 verbose stack     at makeError (C:\Program Files\nodejs\node_modules\npm\node_modules\npm-registry-client\lib\request.js:302:12)
40 verbose stack     at CachingRegistryClient.<anonymous> (C:\Program Files\nodejs\node_modules\npm\node_modules\npm-registry-client\lib\request.js:290:14)
40 verbose stack     at Request._callback (C:\Program Files\nodejs\node_modules\npm\node_modules\npm-registry-client\lib\request.js:210:14)
40 verbose stack     at Request.self.callback (C:\Program Files\nodejs\node_modules\npm\node_modules\request\request.js:187:22)
40 verbose stack     at emitTwo (events.js:106:13)
40 verbose stack     at Request.emit (events.js:191:7)
40 verbose stack     at Request.<anonymous> (C:\Program Files\nodejs\node_modules\npm\node_modules\request\request.js:1048:10)
40 verbose stack     at emitOne (events.js:96:13)
40 verbose stack     at Request.emit (events.js:188:7)
40 verbose stack     at IncomingMessage.<anonymous> (C:\Program Files\nodejs\node_modules\npm\node_modules\request\request.js:969:12)
41 verbose statusCode 403
42 verbose pkgid firstmodule
43 verbose cwd D:\spikes\mean_practice\node-example\firstNodeModule
44 error Windows_NT 6.1.7601
45 error argv "C:\\Program Files\\nodejs\\node.exe" "C:\\Program Files\\nodejs\\node_modules\\npm\\bin\\npm-cli.js" "publish"
46 error node v6.9.2
47 error npm  v3.10.9
48 error code E403
49 error you do not have permission to publish "firstmodule". Are you logged in as the correct user? : firstmodule
50 error If you need help, you may report this error at:
50 error     <https://github.com/npm/npm/issues>
51 verbose exit [ 1, true ]
